<?xml version="1.0" encoding="UTF-8"?>
<testsuite xmlns:xsi="http://www.w3.org/2001/XMLSchema-instance" xsi:noNamespaceSchemaLocation="https://maven.apache.org/surefire/maven-surefire-plugin/xsd/surefire-test-report.xsd" name="com.fischl.DAOs.AccountDAOTest" time="0.031" tests="5" errors="0" skipped="0" failures="0">
  <properties>
[...]
</properties>
  <testcase name="delete" classname="com.fischl.DAOs.AccountDAOTest" time="0.014"/>
  <testcase name="getAll" classname="com.fischl.DAOs.AccountDAOTest" time="0"/>
  <testcase name="update" classname="com.fischl.DAOs.AccountDAOTest" time="0"/>
  <testcase name="getById" classname="com.fischl.DAOs.AccountDAOTest" time="0"/>
  <testcase name="add" classname="com.fischl.DAOs.AccountDAOTest" time="0"/>
</testsuite>